<?xml version="1.0" encoding="utf-8"?>
<TestRun id="1dec08ca-e965-4f47-a2a7-28c0c6d29399" name="@ddonline 2026-01-27 23:36:28" xmlns="http://microsoft.com/schemas/VisualStudio/TeamTest/2010">
  <Times creation="2026-01-27T23:36:28.8489145+00:00" queuing="2026-01-27T23:36:28.8489145+00:00" start="2026-01-27T23:36:28.0057915+00:00" finish="2026-01-27T23:36:28.8830543+00:00" />
  <TestSettings name="default" id="5862979c-8e5b-4dfe-8e91-ff82fc001a1b">
    <Deployment runDeploymentRoot="_ddonline_2026-01-27_23_36_28" />
  </TestSettings>
  <Results>
    <UnitTestResult executionId="0b622b47-3d21-44ad-8c74-48bd16c78bf0" testId="7cfc733a-3453-45e6-1b4b-39b4c11c89e0" testName="Arrowgene.Ddon.Test.Shared.Entity.Structure.CDataDailyMissionInfoTraceTest.TraceMissionBoundaries" computerName="ddonline" duration="00:00:00.0344840" startTime="2026-01-27T23:36:28.6021213+00:00" endTime="2026-01-27T23:36:28.6484986+00:00" testType="13cdc9d9-ddb5-4fa4-a97d-d965ccfc6d4b" outcome="Passed" testListId="8c84fa94-04c1-424b-9868-57a2d4851a1d" relativeResultsDirectory="0b622b47-3d21-44ad-8c74-48bd16c78bf0">
      <Output>
        <StdOut>List count: 15

=== Mission 1 starts at 0x4 ===
  MissionId=9, Category=3, Type=5, Target=9, Current=999
  After core fields: 0x18
  Unknown1-4: 0, 0, 0, 0
  After Unknown1-4: 0x28
  RewardList count: 1
    Reward[0]: ItemId=24727, Num=7, WalletType=0, WalletAmount=0
  After RewardList: 0x3C
  SecondList count: 0
  After SecondList: 0x40
  Unknown5=0, Unknown6=0, Unknown7=0
  After Unknown5-7: 0x4A
  Title (57 bytes): '高難度ダンジョンをクリア　＜毎週更新＞'
  After Title: 0x85
  IconUrl (74 bytes): 'https://members.dd-on.jp/sp_ingame/campaign/bnr/lotto/daily_icon_00003.jpg'
  After IconUrl: 0xD1
  ImageUrl (75 bytes): 'https://members.dd-on.jp/sp_ingame/campaign/bnr/lotto/daily_image_00003.jpg'
  After ImageUrl: 0x11E
  Unknown10=0, Flags=1, StartTime=1573693200, EndTime=1574298000, SortId=3
  After trailing: 0x137
  Mission 1 size: 307 bytes
  Next 16 bytes:
    0x137: 0x00
    0x138: 0x00
    0x139: 0x00
    0x13A: 0x01
    0x13B: 0x00
    0x13C: 0x00
    0x13D: 0x00
    0x13E: 0x01
    0x13F: 0x00
    0x140: 0x00
    0x141: 0x00
    0x142: 0x01
    0x143: 0x00
    0x144: 0x00
    0x145: 0x00
    0x146: 0x01

=== Mission 2 starts at 0x137 ===
  MissionId=1, Category=1, Type=1, Target=1, Current=999
  After core fields: 0x14B
  Unknown1-4: 0, 0, 0, 0
  After Unknown1-4: 0x15B
  RewardList count: 0
  After RewardList: 0x15F
  SecondList count: 1
    Second[0]: 4, 1, 0, 0
  After SecondList: 0x173
  Unknown5=0, Unknown6=0, Unknown7=0
  After Unknown5-7: 0x17D
  Title (57 bytes): 'クエストをクリア　　　　　＜毎日更新＞'
  After Title: 0x1B8
  IconUrl (74 bytes): 'https://members.dd-on.jp/sp_ingame/campaign/bnr/lotto/daily_icon_00001.jpg'
  After IconUrl: 0x204
  ImageUrl (75 bytes): 'https://members.dd-on.jp/sp_ingame/campaign/bnr/lotto/daily_image_00001.jpg'
  After ImageUrl: 0x251
  Unknown10=1, Flags=3, StartTime=1574038800, EndTime=1574125200, SortId=1
  After trailing: 0x26A
  Mission 2 size: 307 bytes
  Next 16 bytes:
    0x26A: 0x00
    0x26B: 0x00
    0x26C: 0x00
    0x26D: 0x0A
    0x26E: 0x00
    0x26F: 0x00
    0x270: 0x00
    0x271: 0x04
    0x272: 0x00
    0x273: 0x00
    0x274: 0x00
    0x275: 0x03
    0x276: 0x00
    0x277: 0x00
    0x278: 0x00
    0x279: 0x0A

=== Mission 3 starts at 0x26A ===
  MissionId=10, Category=4, Type=3, Target=10, Current=999
  After core fields: 0x27E
  Unknown1-4: 0, 0, 0, 0
  After Unknown1-4: 0x28E
  RewardList count: 0
  After RewardList: 0x292
  SecondList count: 1
    Second[0]: 12, 1, 0, 0
  After SecondList: 0x2A6
  Unknown5=0, Unknown6=0, Unknown7=0
  After Unknown5-7: 0x2B0
  Title (57 bytes): 'バトルコンテンツをクリア　＜毎週更新＞'
  After Title: 0x2EB
  IconUrl (74 bytes): 'https://members.dd-on.jp/sp_ingame/campaign/bnr/lotto/daily_icon_00004.jpg'
  After IconUrl: 0x337
  ImageUrl (75 bytes): 'https://members.dd-on.jp/sp_ingame/campaign/bnr/lotto/daily_image_00004.jpg'
  After ImageUrl: 0x384
  Unknown10=0, Flags=1, StartTime=1573693200, EndTime=1574298000, SortId=4
  After trailing: 0x39D
  Mission 3 size: 307 bytes
  Next 16 bytes:
    0x39D: 0x00
    0x39E: 0x00
    0x39F: 0x00
    0x3A0: 0x02
    0x3A1: 0x00
    0x3A2: 0x00
    0x3A3: 0x00
    0x3A4: 0x01
    0x3A5: 0x00
    0x3A6: 0x00
    0x3A7: 0x00
    0x3A8: 0x03
    0x3A9: 0x00
    0x3AA: 0x00
    0x3AB: 0x00
    0x3AC: 0x02

Final buffer position: 0x39D
Expected end: 0x230F</StdOut>
      </Output>
    </UnitTestResult>
  </Results>
  <TestDefinitions>
    <UnitTest name="Arrowgene.Ddon.Test.Shared.Entity.Structure.CDataDailyMissionInfoTraceTest.TraceMissionBoundaries" storage="/root/arrowgene.dragonsdogmaonline/arrowgene.ddon.test/bin/debug/net10.0/arrowgene.ddon.test.dll" id="7cfc733a-3453-45e6-1b4b-39b4c11c89e0">
      <Execution id="0b622b47-3d21-44ad-8c74-48bd16c78bf0" />
      <TestMethod codeBase="/root/Arrowgene.DragonsDogmaOnline/Arrowgene.Ddon.Test/bin/Debug/net10.0/Arrowgene.Ddon.Test.dll" adapterTypeName="executor://xunit/VsTestRunner3/netcore/" className="Arrowgene.Ddon.Test.Shared.Entity.Structure.CDataDailyMissionInfoTraceTest" name="TraceMissionBoundaries" />
    </UnitTest>
  </TestDefinitions>
  <TestEntries>
    <TestEntry testId="7cfc733a-3453-45e6-1b4b-39b4c11c89e0" executionId="0b622b47-3d21-44ad-8c74-48bd16c78bf0" testListId="8c84fa94-04c1-424b-9868-57a2d4851a1d" />
  </TestEntries>
  <TestLists>
    <TestList name="Results Not in a List" id="8c84fa94-04c1-424b-9868-57a2d4851a1d" />
    <TestList name="All Loaded Results" id="19431567-8539-422a-85d7-44ee4e166bda" />
  </TestLists>
  <ResultSummary outcome="Completed">
    <Counters total="1" executed="1" passed="1" failed="0" error="0" timeout="0" aborted="0" inconclusive="0" passedButRunAborted="0" notRunnable="0" notExecuted="0" disconnected="0" warning="0" completed="0" inProgress="0" pending="0" />
    <Output>
      <StdOut>[xUnit.net 00:00:00.00] xUnit.net VSTest Adapter v3.0.2+dd36e86129 (64-bit .NET 10.0.2)
[xUnit.net 00:00:00.08]   Discovering: Arrowgene.Ddon.Test
[xUnit.net 00:00:00.14]   Discovered:  Arrowgene.Ddon.Test
[xUnit.net 00:00:00.16]   Starting:    Arrowgene.Ddon.Test
[xUnit.net 00:00:00.24]   Finished:    Arrowgene.Ddon.Test
</StdOut>
    </Output>
  </ResultSummary>
</TestRun>